Using pre-set license
Built from '2020.2/release' branch; Version is '2020.2.1f1 (270dd8c3da1c) revision 2559448'; Using compiler version '192528614'; Build Type 'Release'
OS: 'Windows 10  (10.0.0) 64bit' Language: 'en' Physical Memory: 32379 MB
BatchMode: 1, IsHumanControllingUs: 0, StartBugReporterOnCrash: 0, Is64bit: 1, IsPro: 0

 COMMAND LINE ARGUMENTS:
C:\Program Files\Unity\Hub\Editor\2020.2.1f1\Editor\Unity.exe
-adb2
-batchMode
-noUpm
-name
AssetImportWorker0
-projectPath
C:/Users/emily/Documents/Git/CatWalk/CatWalk
-logFile
Logs/AssetImportWorker0.log
-srvPort
58052
Successfully changed project path to: C:/Users/emily/Documents/Git/CatWalk/CatWalk
C:/Users/emily/Documents/Git/CatWalk/CatWalk
Using Asset Import Pipeline V2.
Refreshing native plugins compatible for Editor in 50.38 ms, found 1 plugins.
Preloading 0 native plugins for Editor in 0.00 ms.
Initialize engine version: 2020.2.1f1 (270dd8c3da1c)
[Subsystems] Discovering subsystems at path C:/Program Files/Unity/Hub/Editor/2020.2.1f1/Editor/Data/Resources/UnitySubsystems
[Subsystems] Discovering subsystems at path C:/Users/emily/Documents/Git/CatWalk/CatWalk/Assets
GfxDevice: creating device client; threaded=0
Direct3D:
    Version:  Direct3D 11.0 [level 11.0]
    Renderer: NVIDIA Quadro M1200 (ID=0x13b6)
    Vendor:   
    VRAM:     4055 MB
    Driver:   27.21.14.5241
Initialize mono
Mono path[0] = 'C:/Program Files/Unity/Hub/Editor/2020.2.1f1/Editor/Data/Managed'
Mono path[1] = 'C:/Program Files/Unity/Hub/Editor/2020.2.1f1/Editor/Data/MonoBleedingEdge/lib/mono/unityjit'
Mono config path = 'C:/Program Files/Unity/Hub/Editor/2020.2.1f1/Editor/Data/MonoBleedingEdge/etc'
Using monoOptions --debugger-agent=transport=dt_socket,embedding=1,server=y,suspend=n,address=127.0.0.1:56076
Begin MonoManager ReloadAssembly
Registering precompiled unity dll's ...
Register platform support module: C:/Program Files/Unity/Hub/Editor/2020.2.1f1/Editor/Data/PlaybackEngines/WebGLSupport/UnityEditor.WebGL.Extensions.dll
Register platform support module: C:/Program Files/Unity/Hub/Editor/2020.2.1f1/Editor/Data/PlaybackEngines/WindowsStandaloneSupport/UnityEditor.WindowsStandalone.Extensions.dll
Registered in 0.002587 seconds.
Native extension for WindowsStandalone target not found
Native extension for WebGL target not found
Refreshing native plugins compatible for Editor in 65.80 ms, found 1 plugins.
Preloading 0 native plugins for Editor in 0.00 ms.
Invoked RoslynAnalysisRunner static constructor.
RoslynAnalysisRunner will not be running.
RoslynAnalysisRunner has terminated.
Mono: successfully reloaded assembly
- Completed reload, in  1.709 seconds
Platform modules already initialized, skipping
Registering precompiled user dll's ...
Registered in 0.001936 seconds.
Begin MonoManager ReloadAssembly
Native extension for WindowsStandalone target not found
Native extension for WebGL target not found
Refreshing native plugins compatible for Editor in 50.46 ms, found 1 plugins.
Preloading 0 native plugins for Editor in 0.00 ms.
Invoked RoslynAnalysisRunner static constructor.
RoslynAnalysisRunner will not be running.
RoslynAnalysisRunner has terminated.
Mono: successfully reloaded assembly
- Completed reload, in  1.571 seconds
Platform modules already initialized, skipping
========================================================================
Worker process is ready to serve import requests
Launched and connected shader compiler UnityShaderCompiler.exe after 0.05 seconds
Refreshing native plugins compatible for Editor in 0.40 ms, found 1 plugins.
Preloading 0 native plugins for Editor in 0.00 ms.
Unloading 1810 Unused Serialized files (Serialized files now loaded: 0)
System memory in use before: 85.8 MB.
System memory in use after: 85.8 MB.

Unloading 24 unused Assets to reduce memory usage. Loaded Objects now: 2251.
Total: 3.313900 ms (FindLiveObjects: 0.380900 ms CreateObjectMapping: 0.140300 ms MarkObjects: 2.623900 ms  DeleteObjects: 0.167200 ms)

========================================================================
Received Import Request.
  path: Assets/Prefabs/FoodPickup.prefab
  artifactKey: Guid(f3464031446093b48bde1a9baf1b984b) Importer(815301076,1909f56bfc062723c751e8b465ee728b)
Start importing Assets/Prefabs/FoodPickup.prefab using Guid(f3464031446093b48bde1a9baf1b984b) Importer(815301076,1909f56bfc062723c751e8b465ee728b)  -> (artifact id: 'a1dd15acb500c75da4926e8d2244cb33') in 0.172006 seconds
  Import took 0.177902 seconds .

========================================================================
Received Import Request.
  Time since last request: 4.569452 seconds.
  path: Assets/Prefabs/FoodPickup 1.prefab
  artifactKey: Guid(d3aaab08f6c882146aaf80e4fc2270bc) Importer(815301076,1909f56bfc062723c751e8b465ee728b)
Start importing Assets/Prefabs/FoodPickup 1.prefab using Guid(d3aaab08f6c882146aaf80e4fc2270bc) Importer(815301076,1909f56bfc062723c751e8b465ee728b)  -> (artifact id: '1f4a5b4a7a5d9f76ecf6f485d9b6ee65') in 0.027039 seconds
  Import took 0.032716 seconds .

========================================================================
Received Import Request.
  Time since last request: 4.398217 seconds.
  path: Assets/Prefabs/FoodDrop.prefab
  artifactKey: Guid(d3aaab08f6c882146aaf80e4fc2270bc) Importer(815301076,1909f56bfc062723c751e8b465ee728b)
Start importing Assets/Prefabs/FoodDrop.prefab using Guid(d3aaab08f6c882146aaf80e4fc2270bc) Importer(815301076,1909f56bfc062723c751e8b465ee728b)  -> (artifact id: 'f8bf0d960ea111b2adfeb621e010085e') in 0.022067 seconds
  Import took 0.026381 seconds .

========================================================================
Received Import Request.
  Time since last request: 9.478565 seconds.
  path: Assets/Prefabs/FoodInHand.prefab
  artifactKey: Guid(d3aaab08f6c882146aaf80e4fc2270bc) Importer(815301076,1909f56bfc062723c751e8b465ee728b)
Start importing Assets/Prefabs/FoodInHand.prefab using Guid(d3aaab08f6c882146aaf80e4fc2270bc) Importer(815301076,1909f56bfc062723c751e8b465ee728b)  -> (artifact id: 'a9a2860c2a760295b2791e387e1942c1') in 0.021575 seconds
  Import took 0.025714 seconds .

========================================================================
Received Import Request.
  Time since last request: 80.998831 seconds.
  path: Assets/Scripts/FoodPickup.cs
  artifactKey: Guid(7bcafa1cb4fcfc24885e8a15d88602a0) Importer(815301076,1909f56bfc062723c751e8b465ee728b)
Start importing Assets/Scripts/FoodPickup.cs using Guid(7bcafa1cb4fcfc24885e8a15d88602a0) Importer(815301076,1909f56bfc062723c751e8b465ee728b)  -> (artifact id: '430dae1333b29745e967d1454fcc3aa4') in 0.018409 seconds
  Import took 0.023323 seconds .

========================================================================
Received Import Request.
  Time since last request: 1.189055 seconds.
  path: Assets/Scripts/FoodPickup.cs
  artifactKey: Guid(7bcafa1cb4fcfc24885e8a15d88602a0) Importer(815301076,1909f56bfc062723c751e8b465ee728b)
Start importing Assets/Scripts/FoodPickup.cs using Guid(7bcafa1cb4fcfc24885e8a15d88602a0) Importer(815301076,1909f56bfc062723c751e8b465ee728b)  -> (artifact id: '63e14c7f2c4353d431c7ef32ec6f243c') in 0.023993 seconds
  Import took 0.028203 seconds .

========================================================================
Received Prepare
Registering precompiled user dll's ...
Registered in 0.001338 seconds.
Begin MonoManager ReloadAssembly
Native extension for WindowsStandalone target not found
Native extension for WebGL target not found
Refreshing native plugins compatible for Editor in 0.34 ms, found 1 plugins.
Preloading 0 native plugins for Editor in 0.00 ms.
Invoked RoslynAnalysisRunner static constructor.
RoslynAnalysisRunner will not be running.
RoslynAnalysisRunner has terminated.
Mono: successfully reloaded assembly
- Completed reload, in  1.102 seconds
Platform modules already initialized, skipping
Refreshing native plugins compatible for Editor in 0.35 ms, found 1 plugins.
Preloading 0 native plugins for Editor in 0.00 ms.
Unloading 1792 Unused Serialized files (Serialized files now loaded: 0)
System memory in use before: 88.1 MB.
System memory in use after: 88.1 MB.

Unloading 12 unused Assets to reduce memory usage. Loaded Objects now: 2261.
Total: 2.798300 ms (FindLiveObjects: 0.316900 ms CreateObjectMapping: 0.093600 ms MarkObjects: 2.253100 ms  DeleteObjects: 0.133000 ms)

========================================================================
Received Import Request.
  Time since last request: 165.187851 seconds.
  path: Assets/Prefabs/Food.prefab
  artifactKey: Guid(9b91c9d6258034d40aa510ec5063e086) Importer(815301076,1909f56bfc062723c751e8b465ee728b)
Start importing Assets/Prefabs/Food.prefab using Guid(9b91c9d6258034d40aa510ec5063e086) Importer(815301076,1909f56bfc062723c751e8b465ee728b)  -> (artifact id: '419490dfbfaf6511d1384c5e6bac1019') in 0.066280 seconds
  Import took 0.071305 seconds .

========================================================================
Received Import Request.
  Time since last request: 0.294127 seconds.
  path: Assets/Prefabs/FoodInHand.prefab
  artifactKey: Guid(d3aaab08f6c882146aaf80e4fc2270bc) Importer(815301076,1909f56bfc062723c751e8b465ee728b)
Start importing Assets/Prefabs/FoodInHand.prefab using Guid(d3aaab08f6c882146aaf80e4fc2270bc) Importer(815301076,1909f56bfc062723c751e8b465ee728b)  -> (artifact id: 'c73e2b0b50033b17414a70e94e46479c') in 0.023403 seconds
  Import took 0.027900 seconds .

========================================================================
Received Import Request.
  Time since last request: 0.002198 seconds.
  path: Assets/Prefabs/FoodInHand.prefab
  artifactKey: Guid(d3aaab08f6c882146aaf80e4fc2270bc) Importer(815301076,1909f56bfc062723c751e8b465ee728b)
Start importing Assets/Prefabs/FoodInHand.prefab using Guid(d3aaab08f6c882146aaf80e4fc2270bc) Importer(815301076,1909f56bfc062723c751e8b465ee728b)  -> (artifact id: 'c73e2b0b50033b17414a70e94e46479c') in 0.018603 seconds
  Import took 0.023928 seconds .

========================================================================
Received Import Request.
  Time since last request: 10.842718 seconds.
  path: Assets/Prefabs/Food 1.prefab
  artifactKey: Guid(539e3334d1d97b149b230be2d0f291a9) Importer(815301076,1909f56bfc062723c751e8b465ee728b)
Start importing Assets/Prefabs/Food 1.prefab using Guid(539e3334d1d97b149b230be2d0f291a9) Importer(815301076,1909f56bfc062723c751e8b465ee728b)  -> (artifact id: 'cf1793df07147e5dcaf4433ab8d6d20d') in 0.021984 seconds
  Import took 0.026483 seconds .

========================================================================
Received Import Request.
  Time since last request: 6.463412 seconds.
  path: Assets/Prefabs/FoodInHand.prefab
  artifactKey: Guid(539e3334d1d97b149b230be2d0f291a9) Importer(815301076,1909f56bfc062723c751e8b465ee728b)
Start importing Assets/Prefabs/FoodInHand.prefab using Guid(539e3334d1d97b149b230be2d0f291a9) Importer(815301076,1909f56bfc062723c751e8b465ee728b)  -> (artifact id: '53e8bea0b68ad7cf7e8979967978cf74') in 0.015337 seconds
  Import took 0.019053 seconds .

========================================================================
Received Import Request.
  Time since last request: 21.241162 seconds.
  path: Assets/Prefabs/FoodPickup.prefab
  artifactKey: Guid(f3464031446093b48bde1a9baf1b984b) Importer(815301076,1909f56bfc062723c751e8b465ee728b)
Start importing Assets/Prefabs/FoodPickup.prefab using Guid(f3464031446093b48bde1a9baf1b984b) Importer(815301076,1909f56bfc062723c751e8b465ee728b)  -> (artifact id: 'af40d45bc19adf47dfd0f0809bed218e') in 0.014463 seconds
  Import took 0.019456 seconds .

========================================================================
Received Prepare
Registering precompiled user dll's ...
Registered in 0.001220 seconds.
Begin MonoManager ReloadAssembly
Native extension for WindowsStandalone target not found
Native extension for WebGL target not found
Refreshing native plugins compatible for Editor in 0.45 ms, found 1 plugins.
Preloading 0 native plugins for Editor in 0.00 ms.
Invoked RoslynAnalysisRunner static constructor.
RoslynAnalysisRunner will not be running.
RoslynAnalysisRunner has terminated.
Mono: successfully reloaded assembly
- Completed reload, in  1.105 seconds
Platform modules already initialized, skipping
Refreshing native plugins compatible for Editor in 0.44 ms, found 1 plugins.
Preloading 0 native plugins for Editor in 0.00 ms.
Unloading 1792 Unused Serialized files (Serialized files now loaded: 0)
System memory in use before: 88.3 MB.
System memory in use after: 88.3 MB.

Unloading 12 unused Assets to reduce memory usage. Loaded Objects now: 2265.
Total: 2.618000 ms (FindLiveObjects: 0.194800 ms CreateObjectMapping: 0.077200 ms MarkObjects: 2.199800 ms  DeleteObjects: 0.144600 ms)

========================================================================
Received Import Request.
  Time since last request: 28.163484 seconds.
  path: Assets/Prefabs/FoodInHand.prefab
  artifactKey: Guid(539e3334d1d97b149b230be2d0f291a9) Importer(815301076,1909f56bfc062723c751e8b465ee728b)
Start importing Assets/Prefabs/FoodInHand.prefab using Guid(539e3334d1d97b149b230be2d0f291a9) Importer(815301076,1909f56bfc062723c751e8b465ee728b)  -> (artifact id: '9e400ac466f41ea00dafd8482d7e1314') in 0.069186 seconds
  Import took 0.073003 seconds .

========================================================================
Received Import Request.
  Time since last request: 1.278085 seconds.
  path: Assets/Prefabs/FoodInHand.prefab
  artifactKey: Guid(539e3334d1d97b149b230be2d0f291a9) Importer(815301076,1909f56bfc062723c751e8b465ee728b)
Start importing Assets/Prefabs/FoodInHand.prefab using Guid(539e3334d1d97b149b230be2d0f291a9) Importer(815301076,1909f56bfc062723c751e8b465ee728b)  -> (artifact id: '42c824aba3faadc98bab2f866ccc3292') in 0.019703 seconds
  Import took 0.024566 seconds .

========================================================================
Received Prepare
Registering precompiled user dll's ...
Registered in 0.001915 seconds.
Begin MonoManager ReloadAssembly
Native extension for WindowsStandalone target not found
Native extension for WebGL target not found
Refreshing native plugins compatible for Editor in 0.43 ms, found 1 plugins.
Preloading 0 native plugins for Editor in 0.00 ms.
Invoked RoslynAnalysisRunner static constructor.
RoslynAnalysisRunner will not be running.
RoslynAnalysisRunner has terminated.
Mono: successfully reloaded assembly
- Completed reload, in  1.066 seconds
Platform modules already initialized, skipping
Refreshing native plugins compatible for Editor in 0.45 ms, found 1 plugins.
Preloading 0 native plugins for Editor in 0.00 ms.
Unloading 1792 Unused Serialized files (Serialized files now loaded: 0)
System memory in use before: 88.5 MB.
System memory in use after: 88.5 MB.

Unloading 12 unused Assets to reduce memory usage. Loaded Objects now: 2269.
Total: 3.082500 ms (FindLiveObjects: 0.282900 ms CreateObjectMapping: 0.091900 ms MarkObjects: 2.544000 ms  DeleteObjects: 0.162300 ms)

========================================================================
Received Prepare
Registering precompiled user dll's ...
Registered in 0.001360 seconds.
Begin MonoManager ReloadAssembly
Native extension for WindowsStandalone target not found
Native extension for WebGL target not found
Refreshing native plugins compatible for Editor in 0.39 ms, found 1 plugins.
Preloading 0 native plugins for Editor in 0.00 ms.
Invoked RoslynAnalysisRunner static constructor.
RoslynAnalysisRunner will not be running.
RoslynAnalysisRunner has terminated.
Mono: successfully reloaded assembly
- Completed reload, in  1.066 seconds
Platform modules already initialized, skipping
Refreshing native plugins compatible for Editor in 0.50 ms, found 1 plugins.
Preloading 0 native plugins for Editor in 0.00 ms.
Unloading 1792 Unused Serialized files (Serialized files now loaded: 0)
System memory in use before: 88.6 MB.
System memory in use after: 88.6 MB.

Unloading 12 unused Assets to reduce memory usage. Loaded Objects now: 2272.
Total: 3.550900 ms (FindLiveObjects: 0.445700 ms CreateObjectMapping: 0.148400 ms MarkObjects: 2.813800 ms  DeleteObjects: 0.140500 ms)

========================================================================
Received Prepare
Registering precompiled user dll's ...
Registered in 0.001333 seconds.
Begin MonoManager ReloadAssembly
Native extension for WindowsStandalone target not found
Native extension for WebGL target not found
Refreshing native plugins compatible for Editor in 0.52 ms, found 1 plugins.
Preloading 0 native plugins for Editor in 0.00 ms.
Invoked RoslynAnalysisRunner static constructor.
RoslynAnalysisRunner will not be running.
RoslynAnalysisRunner has terminated.
Mono: successfully reloaded assembly
- Completed reload, in  1.281 seconds
Platform modules already initialized, skipping
Refreshing native plugins compatible for Editor in 0.47 ms, found 1 plugins.
Preloading 0 native plugins for Editor in 0.00 ms.
Unloading 1792 Unused Serialized files (Serialized files now loaded: 0)
System memory in use before: 88.8 MB.
System memory in use after: 88.8 MB.

Unloading 12 unused Assets to reduce memory usage. Loaded Objects now: 2275.
Total: 3.923100 ms (FindLiveObjects: 0.373400 ms CreateObjectMapping: 0.142900 ms MarkObjects: 3.240600 ms  DeleteObjects: 0.164600 ms)

========================================================================
Received Prepare
Registering precompiled user dll's ...
Registered in 0.001960 seconds.
Begin MonoManager ReloadAssembly
Native extension for WindowsStandalone target not found
Native extension for WebGL target not found
Refreshing native plugins compatible for Editor in 0.89 ms, found 1 plugins.
Preloading 0 native plugins for Editor in 0.00 ms.
Invoked RoslynAnalysisRunner static constructor.
RoslynAnalysisRunner will not be running.
RoslynAnalysisRunner has terminated.
Mono: successfully reloaded assembly
- Completed reload, in  1.105 seconds
Platform modules already initialized, skipping
Refreshing native plugins compatible for Editor in 0.47 ms, found 1 plugins.
Preloading 0 native plugins for Editor in 0.00 ms.
Unloading 1792 Unused Serialized files (Serialized files now loaded: 0)
System memory in use before: 88.8 MB.
System memory in use after: 88.8 MB.

Unloading 12 unused Assets to reduce memory usage. Loaded Objects now: 2278.
Total: 2.459700 ms (FindLiveObjects: 0.284300 ms CreateObjectMapping: 0.108100 ms MarkObjects: 1.932100 ms  DeleteObjects: 0.133800 ms)

========================================================================
Received Import Request.
  Time since last request: 195.204337 seconds.
  path: Assets/Scripts/FoodCleaner.cs
  artifactKey: Guid(fbf60aace962df7458221f164979cda1) Importer(815301076,1909f56bfc062723c751e8b465ee728b)
Start importing Assets/Scripts/FoodCleaner.cs using Guid(fbf60aace962df7458221f164979cda1) Importer(815301076,1909f56bfc062723c751e8b465ee728b)  -> (artifact id: 'edbf781187fc6ca86b64bef4fd58a082') in 0.019703 seconds
  Import took 0.026357 seconds .

========================================================================
Received Prepare
Registering precompiled user dll's ...
Registered in 0.001158 seconds.
Begin MonoManager ReloadAssembly
Native extension for WindowsStandalone target not found
Native extension for WebGL target not found
Refreshing native plugins compatible for Editor in 0.38 ms, found 1 plugins.
Preloading 0 native plugins for Editor in 0.00 ms.
Invoked RoslynAnalysisRunner static constructor.
RoslynAnalysisRunner will not be running.
RoslynAnalysisRunner has terminated.
Mono: successfully reloaded assembly
- Completed reload, in  1.180 seconds
Platform modules already initialized, skipping
Refreshing native plugins compatible for Editor in 0.43 ms, found 1 plugins.
Preloading 0 native plugins for Editor in 0.00 ms.
Unloading 1793 Unused Serialized files (Serialized files now loaded: 0)
System memory in use before: 89.2 MB.
System memory in use after: 89.2 MB.

Unloading 12 unused Assets to reduce memory usage. Loaded Objects now: 2282.
Total: 2.696500 ms (FindLiveObjects: 0.251200 ms CreateObjectMapping: 0.114200 ms MarkObjects: 2.139600 ms  DeleteObjects: 0.189800 ms)

========================================================================
Received Import Request.
  Time since last request: 6.053400 seconds.
  path: Assets/Scripts/FollowCamera.cs
  artifactKey: Guid(dfdef22cf51dc334f974e5d9df74e0de) Importer(815301076,1909f56bfc062723c751e8b465ee728b)
Start importing Assets/Scripts/FollowCamera.cs using Guid(dfdef22cf51dc334f974e5d9df74e0de) Importer(815301076,1909f56bfc062723c751e8b465ee728b)  -> (artifact id: '55b47fbfb94b81b41052546b9ef49429') in 0.028320 seconds
  Import took 0.032375 seconds .

========================================================================
Received Import Request.
  Time since last request: 0.447058 seconds.
  path: Assets/Scripts/CatAI.cs
  artifactKey: Guid(342fb23e9b6964d4d955aa53e98b297a) Importer(815301076,1909f56bfc062723c751e8b465ee728b)
Start importing Assets/Scripts/CatAI.cs using Guid(342fb23e9b6964d4d955aa53e98b297a) Importer(815301076,1909f56bfc062723c751e8b465ee728b)  -> (artifact id: 'fc11c6dc996beb2fccea03f45aac322f') in 0.011219 seconds
  Import took 0.015192 seconds .

========================================================================
Received Import Request.
  Time since last request: 0.027403 seconds.
  path: Assets/Scripts/CatAI.cs
  artifactKey: Guid(342fb23e9b6964d4d955aa53e98b297a) Importer(815301076,1909f56bfc062723c751e8b465ee728b)
Start importing Assets/Scripts/CatAI.cs using Guid(342fb23e9b6964d4d955aa53e98b297a) Importer(815301076,1909f56bfc062723c751e8b465ee728b)  -> (artifact id: 'fc11c6dc996beb2fccea03f45aac322f') in 0.006498 seconds
  Import took 0.011134 seconds .

========================================================================
Received Import Request.
  Time since last request: 8.436507 seconds.
  path: Assets/Scripts/FoodScripts
  artifactKey: Guid(cfe37691d0ee7f943aece74584bda482) Importer(815301076,1909f56bfc062723c751e8b465ee728b)
Start importing Assets/Scripts/FoodScripts using Guid(cfe37691d0ee7f943aece74584bda482) Importer(815301076,1909f56bfc062723c751e8b465ee728b)  -> (artifact id: 'eed89a423234b967d8230185e394af48') in 0.015139 seconds
  Import took 0.018715 seconds .

========================================================================
Received Import Request.
  Time since last request: 1.356183 seconds.
  path: Assets/Scripts/FoodBowl.cs
  artifactKey: Guid(caf70da4e7d79e34dba6f9176a3203a8) Importer(815301076,1909f56bfc062723c751e8b465ee728b)
Start importing Assets/Scripts/FoodBowl.cs using Guid(caf70da4e7d79e34dba6f9176a3203a8) Importer(815301076,1909f56bfc062723c751e8b465ee728b)  -> (artifact id: '6e641a7357a49a4ab9422bcd912be7fe') in 0.014332 seconds
  Import took 0.017971 seconds .

========================================================================
Received Import Request.
  Time since last request: 0.002224 seconds.
  path: Assets/Scripts/FoodBowl.cs
  artifactKey: Guid(caf70da4e7d79e34dba6f9176a3203a8) Importer(815301076,1909f56bfc062723c751e8b465ee728b)
Start importing Assets/Scripts/FoodBowl.cs using Guid(caf70da4e7d79e34dba6f9176a3203a8) Importer(815301076,1909f56bfc062723c751e8b465ee728b)  -> (artifact id: '6e641a7357a49a4ab9422bcd912be7fe') in 0.006913 seconds
  Import took 0.012185 seconds .

========================================================================
Received Import Request.
  Time since last request: 0.874783 seconds.
  path: Assets/Scripts/FoodPickup.cs
  artifactKey: Guid(7bcafa1cb4fcfc24885e8a15d88602a0) Importer(815301076,1909f56bfc062723c751e8b465ee728b)
Start importing Assets/Scripts/FoodPickup.cs using Guid(7bcafa1cb4fcfc24885e8a15d88602a0) Importer(815301076,1909f56bfc062723c751e8b465ee728b)  -> (artifact id: 'c2957e6f44e6a47280057c1017e18024') in 0.005392 seconds
  Import took 0.010121 seconds .

========================================================================
Received Import Request.
  Time since last request: 0.006461 seconds.
  path: Assets/Scripts/FoodPickup.cs
  artifactKey: Guid(7bcafa1cb4fcfc24885e8a15d88602a0) Importer(815301076,1909f56bfc062723c751e8b465ee728b)
Start importing Assets/Scripts/FoodPickup.cs using Guid(7bcafa1cb4fcfc24885e8a15d88602a0) Importer(815301076,1909f56bfc062723c751e8b465ee728b)  -> (artifact id: 'c2957e6f44e6a47280057c1017e18024') in 0.005966 seconds
  Import took 0.010720 seconds .

========================================================================
Received Prepare
Registering precompiled user dll's ...
Registered in 0.001552 seconds.
Begin MonoManager ReloadAssembly
Native extension for WindowsStandalone target not found
Native extension for WebGL target not found
Refreshing native plugins compatible for Editor in 0.73 ms, found 1 plugins.
Preloading 0 native plugins for Editor in 0.00 ms.
Invoked RoslynAnalysisRunner static constructor.
RoslynAnalysisRunner will not be running.
RoslynAnalysisRunner has terminated.
Mono: successfully reloaded assembly
- Completed reload, in  1.175 seconds
Platform modules already initialized, skipping
Refreshing native plugins compatible for Editor in 0.80 ms, found 1 plugins.
Preloading 0 native plugins for Editor in 0.00 ms.
Unloading 1793 Unused Serialized files (Serialized files now loaded: 0)
System memory in use before: 89.3 MB.
System memory in use after: 89.3 MB.

Unloading 12 unused Assets to reduce memory usage. Loaded Objects now: 2285.
Total: 3.682500 ms (FindLiveObjects: 0.287000 ms CreateObjectMapping: 0.128200 ms MarkObjects: 3.128600 ms  DeleteObjects: 0.136600 ms)

========================================================================
Received Import Request.
  Time since last request: 238.595848 seconds.
  path: Assets/Scripts/FoodScripts/FoodCleaner.cs
  artifactKey: Guid(fbf60aace962df7458221f164979cda1) Importer(815301076,1909f56bfc062723c751e8b465ee728b)
Start importing Assets/Scripts/FoodScripts/FoodCleaner.cs using Guid(fbf60aace962df7458221f164979cda1) Importer(815301076,1909f56bfc062723c751e8b465ee728b)  -> (artifact id: '4efffecbaa70c307da04f99059d477a6') in 0.007731 seconds
  Import took 0.024002 seconds .

========================================================================
Received Import Request.
  Time since last request: 0.461488 seconds.
  path: Assets/Scripts/FoodScripts/FoodPellet.cs
  artifactKey: Guid(de987abe7fd0c30439cb4e017e2e8ae6) Importer(815301076,1909f56bfc062723c751e8b465ee728b)
Start importing Assets/Scripts/FoodScripts/FoodPellet.cs using Guid(de987abe7fd0c30439cb4e017e2e8ae6) Importer(815301076,1909f56bfc062723c751e8b465ee728b)  -> (artifact id: '14c28139e50d7c8613cb2da3636d12b8') in 0.010195 seconds
  Import took 0.014515 seconds .

========================================================================
Received Prepare
Registering precompiled user dll's ...
Registered in 0.001107 seconds.
Begin MonoManager ReloadAssembly
Native extension for WindowsStandalone target not found
Native extension for WebGL target not found
Refreshing native plugins compatible for Editor in 0.33 ms, found 1 plugins.
Preloading 0 native plugins for Editor in 0.00 ms.
Invoked RoslynAnalysisRunner static constructor.
RoslynAnalysisRunner will not be running.
RoslynAnalysisRunner has terminated.
Mono: successfully reloaded assembly
- Completed reload, in  1.168 seconds
Platform modules already initialized, skipping
Refreshing native plugins compatible for Editor in 0.74 ms, found 1 plugins.
Preloading 0 native plugins for Editor in 0.00 ms.
Unloading 1792 Unused Serialized files (Serialized files now loaded: 0)
System memory in use before: 89.5 MB.
System memory in use after: 89.5 MB.

Unloading 13 unused Assets to reduce memory usage. Loaded Objects now: 2287.
Total: 2.095200 ms (FindLiveObjects: 0.203600 ms CreateObjectMapping: 0.064600 ms MarkObjects: 1.693600 ms  DeleteObjects: 0.132700 ms)

========================================================================
Received Import Request.
  Time since last request: 103.114008 seconds.
  path: Assets/Prefabs/Food.prefab
  artifactKey: Guid(9b91c9d6258034d40aa510ec5063e086) Importer(815301076,1909f56bfc062723c751e8b465ee728b)
Start importing Assets/Prefabs/Food.prefab using Guid(9b91c9d6258034d40aa510ec5063e086) Importer(815301076,1909f56bfc062723c751e8b465ee728b)  -> (artifact id: 'e99e90e3e7350e598c0c6ee27483faff') in 0.056929 seconds
  Import took 0.060147 seconds .

========================================================================
Received Import Request.
  Time since last request: 0.016852 seconds.
  path: Assets/Prefabs/Food.prefab
  artifactKey: Guid(9b91c9d6258034d40aa510ec5063e086) Importer(815301076,1909f56bfc062723c751e8b465ee728b)
Start importing Assets/Prefabs/Food.prefab using Guid(9b91c9d6258034d40aa510ec5063e086) Importer(815301076,1909f56bfc062723c751e8b465ee728b)  -> (artifact id: 'e99e90e3e7350e598c0c6ee27483faff') in 0.011968 seconds
  Import took 0.015021 seconds .

========================================================================
Received Import Request.
  Time since last request: 0.678860 seconds.
  path: Assets/Prefabs/FoodPickup.prefab
  artifactKey: Guid(f3464031446093b48bde1a9baf1b984b) Importer(815301076,1909f56bfc062723c751e8b465ee728b)
Start importing Assets/Prefabs/FoodPickup.prefab using Guid(f3464031446093b48bde1a9baf1b984b) Importer(815301076,1909f56bfc062723c751e8b465ee728b)  -> (artifact id: '14c30ec08b58ab78a3f072d1f96a4e41') in 0.012639 seconds
  Import took 0.016085 seconds .

========================================================================
Received Import Request.
  Time since last request: 22.709656 seconds.
  path: Assets/Prefabs/FoodInHand.prefab
  artifactKey: Guid(539e3334d1d97b149b230be2d0f291a9) Importer(815301076,1909f56bfc062723c751e8b465ee728b)
Start importing Assets/Prefabs/FoodInHand.prefab using Guid(539e3334d1d97b149b230be2d0f291a9) Importer(815301076,1909f56bfc062723c751e8b465ee728b)  -> (artifact id: '3afe60cbf8b7117b7c472be9229463af') in 0.021197 seconds
  Import took 0.025141 seconds .

========================================================================
Received Import Request.
  Time since last request: 8.659980 seconds.
  path: Assets/Prefabs/Food 1.prefab
  artifactKey: Guid(8007debf96b01ed4caf6e69cc48b145a) Importer(815301076,1909f56bfc062723c751e8b465ee728b)
Start importing Assets/Prefabs/Food 1.prefab using Guid(8007debf96b01ed4caf6e69cc48b145a) Importer(815301076,1909f56bfc062723c751e8b465ee728b)  -> (artifact id: '862b3713538c212059519b0bfadcc92f') in 0.012701 seconds
  Import took 0.016446 seconds .

========================================================================
Received Import Request.
  Time since last request: 8.844879 seconds.
  path: Assets/Prefabs/FoodPile.prefab
  artifactKey: Guid(8007debf96b01ed4caf6e69cc48b145a) Importer(815301076,1909f56bfc062723c751e8b465ee728b)
Start importing Assets/Prefabs/FoodPile.prefab using Guid(8007debf96b01ed4caf6e69cc48b145a) Importer(815301076,1909f56bfc062723c751e8b465ee728b)  -> (artifact id: '9b9e454eb3182b0bad739219efe74728') in 0.020008 seconds
  Import took 0.024941 seconds .

========================================================================
Received Prepare
Registering precompiled user dll's ...
Registered in 0.001074 seconds.
Begin MonoManager ReloadAssembly
Native extension for WindowsStandalone target not found
Native extension for WebGL target not found
Refreshing native plugins compatible for Editor in 0.33 ms, found 1 plugins.
Preloading 0 native plugins for Editor in 0.00 ms.
Invoked RoslynAnalysisRunner static constructor.
RoslynAnalysisRunner will not be running.
RoslynAnalysisRunner has terminated.
Mono: successfully reloaded assembly
- Completed reload, in  0.980 seconds
Platform modules already initialized, skipping
Refreshing native plugins compatible for Editor in 0.35 ms, found 1 plugins.
Preloading 0 native plugins for Editor in 0.00 ms.
Unloading 1792 Unused Serialized files (Serialized files now loaded: 0)
System memory in use before: 89.7 MB.
System memory in use after: 89.7 MB.

Unloading 12 unused Assets to reduce memory usage. Loaded Objects now: 2291.
Total: 2.973600 ms (FindLiveObjects: 0.303000 ms CreateObjectMapping: 0.166400 ms MarkObjects: 2.363500 ms  DeleteObjects: 0.139500 ms)

========================================================================
Received Import Request.
  Time since last request: 47.456087 seconds.
  path: Assets/Prefabs/Food.prefab
  artifactKey: Guid(9b91c9d6258034d40aa510ec5063e086) Importer(815301076,1909f56bfc062723c751e8b465ee728b)
Start importing Assets/Prefabs/Food.prefab using Guid(9b91c9d6258034d40aa510ec5063e086) Importer(815301076,1909f56bfc062723c751e8b465ee728b)  -> (artifact id: '839b7ac637e28b7ab9caba085b449f29') in 0.061648 seconds
  Import took 0.065252 seconds .

========================================================================
Received Prepare
Registering precompiled user dll's ...
Registered in 0.001734 seconds.
Begin MonoManager ReloadAssembly
Native extension for WindowsStandalone target not found
Native extension for WebGL target not found
Refreshing native plugins compatible for Editor in 0.47 ms, found 1 plugins.
Preloading 0 native plugins for Editor in 0.00 ms.
Invoked RoslynAnalysisRunner static constructor.
RoslynAnalysisRunner will not be running.
RoslynAnalysisRunner has terminated.
Mono: successfully reloaded assembly
- Completed reload, in  1.094 seconds
Platform modules already initialized, skipping
Refreshing native plugins compatible for Editor in 0.35 ms, found 1 plugins.
Preloading 0 native plugins for Editor in 0.00 ms.
Unloading 1792 Unused Serialized files (Serialized files now loaded: 0)
System memory in use before: 89.8 MB.
System memory in use after: 89.8 MB.

Unloading 12 unused Assets to reduce memory usage. Loaded Objects now: 2295.
Total: 2.725700 ms (FindLiveObjects: 0.317700 ms CreateObjectMapping: 0.115600 ms MarkObjects: 2.155700 ms  DeleteObjects: 0.135100 ms)

========================================================================
Received Prepare
Registering precompiled user dll's ...
Registered in 0.001352 seconds.
Begin MonoManager ReloadAssembly
Native extension for WindowsStandalone target not found
Native extension for WebGL target not found
Refreshing native plugins compatible for Editor in 0.38 ms, found 1 plugins.
Preloading 0 native plugins for Editor in 0.00 ms.
Invoked RoslynAnalysisRunner static constructor.
RoslynAnalysisRunner will not be running.
RoslynAnalysisRunner has terminated.
Mono: successfully reloaded assembly
- Completed reload, in  1.014 seconds
Platform modules already initialized, skipping
Refreshing native plugins compatible for Editor in 0.38 ms, found 1 plugins.
Preloading 0 native plugins for Editor in 0.00 ms.
Unloading 1792 Unused Serialized files (Serialized files now loaded: 0)
System memory in use before: 89.9 MB.
System memory in use after: 89.9 MB.

Unloading 12 unused Assets to reduce memory usage. Loaded Objects now: 2298.
Total: 2.313500 ms (FindLiveObjects: 0.212800 ms CreateObjectMapping: 0.091100 ms MarkObjects: 1.853000 ms  DeleteObjects: 0.155200 ms)

========================================================================
Received Prepare
Registering precompiled user dll's ...
Registered in 0.001752 seconds.
Begin MonoManager ReloadAssembly
Native extension for WindowsStandalone target not found
Native extension for WebGL target not found
Refreshing native plugins compatible for Editor in 0.47 ms, found 1 plugins.
Preloading 0 native plugins for Editor in 0.00 ms.
Invoked RoslynAnalysisRunner static constructor.
RoslynAnalysisRunner will not be running.
RoslynAnalysisRunner has terminated.
Mono: successfully reloaded assembly
- Completed reload, in  1.091 seconds
Platform modules already initialized, skipping
Refreshing native plugins compatible for Editor in 0.58 ms, found 1 plugins.
Preloading 0 native plugins for Editor in 0.00 ms.
Unloading 1792 Unused Serialized files (Serialized files now loaded: 0)
System memory in use before: 89.2 MB.
System memory in use after: 89.2 MB.

Unloading 12 unused Assets to reduce memory usage. Loaded Objects now: 2301.
Total: 2.364200 ms (FindLiveObjects: 0.216600 ms CreateObjectMapping: 0.072600 ms MarkObjects: 1.893700 ms  DeleteObjects: 0.180200 ms)

========================================================================
Received Prepare
Registering precompiled user dll's ...
Registered in 0.002121 seconds.
Begin MonoManager ReloadAssembly
Native extension for WindowsStandalone target not found
Native extension for WebGL target not found
Refreshing native plugins compatible for Editor in 0.60 ms, found 1 plugins.
Preloading 0 native plugins for Editor in 0.00 ms.
Invoked RoslynAnalysisRunner static constructor.
RoslynAnalysisRunner will not be running.
RoslynAnalysisRunner has terminated.
Mono: successfully reloaded assembly
- Completed reload, in  1.008 seconds
Platform modules already initialized, skipping
Refreshing native plugins compatible for Editor in 0.41 ms, found 1 plugins.
Preloading 0 native plugins for Editor in 0.00 ms.
Unloading 1792 Unused Serialized files (Serialized files now loaded: 0)
System memory in use before: 89.3 MB.
System memory in use after: 89.3 MB.

Unloading 12 unused Assets to reduce memory usage. Loaded Objects now: 2304.
Total: 2.674100 ms (FindLiveObjects: 0.371700 ms CreateObjectMapping: 0.105400 ms MarkObjects: 2.073400 ms  DeleteObjects: 0.122200 ms)

========================================================================
Received Prepare
Registering precompiled user dll's ...
Registered in 0.001156 seconds.
Begin MonoManager ReloadAssembly
Native extension for WindowsStandalone target not found
Native extension for WebGL target not found
Refreshing native plugins compatible for Editor in 0.36 ms, found 1 plugins.
Preloading 0 native plugins for Editor in 0.00 ms.
Invoked RoslynAnalysisRunner static constructor.
RoslynAnalysisRunner will not be running.
RoslynAnalysisRunner has terminated.
Mono: successfully reloaded assembly
- Completed reload, in  1.108 seconds
Platform modules already initialized, skipping
Refreshing native plugins compatible for Editor in 0.51 ms, found 1 plugins.
Preloading 0 native plugins for Editor in 0.00 ms.
Unloading 1792 Unused Serialized files (Serialized files now loaded: 0)
System memory in use before: 89.5 MB.
System memory in use after: 89.5 MB.

Unloading 12 unused Assets to reduce memory usage. Loaded Objects now: 2307.
Total: 3.856200 ms (FindLiveObjects: 0.356400 ms CreateObjectMapping: 0.136500 ms MarkObjects: 3.157300 ms  DeleteObjects: 0.204300 ms)

========================================================================
Received Import Request.
  Time since last request: 2158.689734 seconds.
  path: Assets
  artifactKey: Guid(00000000000000001000000000000000) Importer(815301076,1909f56bfc062723c751e8b465ee728b)
Start importing Assets using Guid(00000000000000001000000000000000) Importer(815301076,1909f56bfc062723c751e8b465ee728b)  -> (artifact id: 'e1a2c4dac9df7c17871e19a3b74f0e9f') in 0.021905 seconds
  Import took 0.025764 seconds .

========================================================================
Received Import Request.
  Time since last request: 5.008271 seconds.
  path: Assets/Audio
  artifactKey: Guid(c2ab851986ae60a40adc0a784d0e34cf) Importer(815301076,1909f56bfc062723c751e8b465ee728b)
Start importing Assets/Audio using Guid(c2ab851986ae60a40adc0a784d0e34cf) Importer(815301076,1909f56bfc062723c751e8b465ee728b)  -> (artifact id: '0ed841c2718ed3e36c8d047bb8ec9e3d') in 0.023779 seconds
  Import took 0.028203 seconds .

========================================================================
Received Import Request.
  Time since last request: 16.571894 seconds.
  path: Assets/Audio/24731__propthis__squeak3.wav
  artifactKey: Guid(2d2ca8af4288bb34c8e0b2589be7255c) Importer(815301076,1909f56bfc062723c751e8b465ee728b)
Start importing Assets/Audio/24731__propthis__squeak3.wav using Guid(2d2ca8af4288bb34c8e0b2589be7255c) Importer(815301076,1909f56bfc062723c751e8b465ee728b)  -> (artifact id: 'c765029229c015c849b3ca9259e72684') in 0.068362 seconds
  Import took 0.071608 seconds .

========================================================================
Received Import Request.
  Time since last request: 8.242168 seconds.
  path: Assets/Audio/SqueakSFX.wav
  artifactKey: Guid(2d2ca8af4288bb34c8e0b2589be7255c) Importer(815301076,1909f56bfc062723c751e8b465ee728b)
Start importing Assets/Audio/SqueakSFX.wav using Guid(2d2ca8af4288bb34c8e0b2589be7255c) Importer(815301076,1909f56bfc062723c751e8b465ee728b)  -> (artifact id: '160bd19c32e6f797bc1191d85206f90e') in 0.017618 seconds
  Import took 0.021245 seconds .

========================================================================
Received Import Request.
  Time since last request: 0.873126 seconds.
  path: Assets/Audio/163286__amphibian-probe__meow-sample.wav
  artifactKey: Guid(bc460d76aae96944b854d3acb873b2bb) Importer(815301076,1909f56bfc062723c751e8b465ee728b)
Start importing Assets/Audio/163286__amphibian-probe__meow-sample.wav using Guid(bc460d76aae96944b854d3acb873b2bb) Importer(815301076,1909f56bfc062723c751e8b465ee728b)  -> (artifact id: '8fe854f045c0595da0302dfac7bcc6bd') in 0.023504 seconds
  Import took 0.027741 seconds .

========================================================================
Received Import Request.
  Time since last request: 4.289946 seconds.
  path: Assets/Audio/MeowSFX.wav
  artifactKey: Guid(bc460d76aae96944b854d3acb873b2bb) Importer(815301076,1909f56bfc062723c751e8b465ee728b)
Start importing Assets/Audio/MeowSFX.wav using Guid(bc460d76aae96944b854d3acb873b2bb) Importer(815301076,1909f56bfc062723c751e8b465ee728b)  -> (artifact id: 'c2ae112b3f582ef2bed3806feddd7dad') in 0.035735 seconds
  Import took 0.042470 seconds .

========================================================================
Received Import Request.
  Time since last request: 0.872887 seconds.
  path: Assets/Audio/262309__steffcaffrey__cat-purr-twit4.wav
  artifactKey: Guid(292b4f438ec570f4bb1a21b9ecf824d0) Importer(815301076,1909f56bfc062723c751e8b465ee728b)
Start importing Assets/Audio/262309__steffcaffrey__cat-purr-twit4.wav using Guid(292b4f438ec570f4bb1a21b9ecf824d0) Importer(815301076,1909f56bfc062723c751e8b465ee728b)  -> (artifact id: '69ef0e1e3a915500d708b63a8a1ec48d') in 0.024383 seconds
  Import took 0.028509 seconds .

========================================================================
Received Import Request.
  Time since last request: 4.679565 seconds.
  path: Assets/Audio/PurrSFX.wav
  artifactKey: Guid(292b4f438ec570f4bb1a21b9ecf824d0) Importer(815301076,1909f56bfc062723c751e8b465ee728b)
Start importing Assets/Audio/PurrSFX.wav using Guid(292b4f438ec570f4bb1a21b9ecf824d0) Importer(815301076,1909f56bfc062723c751e8b465ee728b)  -> (artifact id: '803a4074f4f75c258897e55069aba570') in 0.018141 seconds
  Import took 0.021385 seconds .

========================================================================
Received Import Request.
  Time since last request: 0.942682 seconds.
  path: Assets/Audio/472376__joseagudelo__07-gato-maullando.wav
  artifactKey: Guid(4871054677454b54190cb78c5c2ec49d) Importer(815301076,1909f56bfc062723c751e8b465ee728b)
Start importing Assets/Audio/472376__joseagudelo__07-gato-maullando.wav using Guid(4871054677454b54190cb78c5c2ec49d) Importer(815301076,1909f56bfc062723c751e8b465ee728b)  -> (artifact id: 'c3eee12d3e5b60cb0f50f8276a35628a') in 0.024689 seconds
  Import took 0.028119 seconds .

========================================================================
Received Import Request.
  Time since last request: 8.240860 seconds.
  path: Assets/Audio/Meow2SFX.wav
  artifactKey: Guid(4871054677454b54190cb78c5c2ec49d) Importer(815301076,1909f56bfc062723c751e8b465ee728b)
Start importing Assets/Audio/Meow2SFX.wav using Guid(4871054677454b54190cb78c5c2ec49d) Importer(815301076,1909f56bfc062723c751e8b465ee728b)  -> (artifact id: '7215c6460ee339aa174c875305c60ad2') in 0.024340 seconds
  Import took 0.028169 seconds .

========================================================================
Received Import Request.
  Time since last request: 0.652281 seconds.
  path: Assets/Audio/381761__killumimati__mr-spock-meow.wav
  artifactKey: Guid(4d31e2a8f10335f488652a84156d1076) Importer(815301076,1909f56bfc062723c751e8b465ee728b)
Start importing Assets/Audio/381761__killumimati__mr-spock-meow.wav using Guid(4d31e2a8f10335f488652a84156d1076) Importer(815301076,1909f56bfc062723c751e8b465ee728b)  -> (artifact id: '4db5e875925a266d44564dfa5138bb61') in 0.025592 seconds
  Import took 0.030063 seconds .

========================================================================
Received Import Request.
  Time since last request: 6.888470 seconds.
  path: Assets/Audio/Meow3SFX.wav
  artifactKey: Guid(4d31e2a8f10335f488652a84156d1076) Importer(815301076,1909f56bfc062723c751e8b465ee728b)
Start importing Assets/Audio/Meow3SFX.wav using Guid(4d31e2a8f10335f488652a84156d1076) Importer(815301076,1909f56bfc062723c751e8b465ee728b)  -> (artifact id: 'aa32a2362fa623dd6f8576b93dc7cacd') in 0.022090 seconds
  Import took 0.025573 seconds .

========================================================================
Received Import Request.
  Time since last request: 4.757947 seconds.
  path: Assets/Audio/Meow1SFX.wav
  artifactKey: Guid(bc460d76aae96944b854d3acb873b2bb) Importer(815301076,1909f56bfc062723c751e8b465ee728b)
Start importing Assets/Audio/Meow1SFX.wav using Guid(bc460d76aae96944b854d3acb873b2bb) Importer(815301076,1909f56bfc062723c751e8b465ee728b)  -> (artifact id: 'd1f0258b72e657fed25ac692c9d62206') in 0.018551 seconds
  Import took 0.022184 seconds .

========================================================================
Received Import Request.
  Time since last request: 1.788459 seconds.
  path: Assets/Audio/Su Turno.ogg
  artifactKey: Guid(7cd14dbf8643a1a4f8eedf0a2848e76c) Importer(815301076,1909f56bfc062723c751e8b465ee728b)
Start importing Assets/Audio/Su Turno.ogg using Guid(7cd14dbf8643a1a4f8eedf0a2848e76c) Importer(815301076,1909f56bfc062723c751e8b465ee728b)  -> (artifact id: '817e738322c3151756c9869d34e43552') in 0.029268 seconds
  Import took 0.032708 seconds .

========================================================================
Received Import Request.
  Time since last request: 24.797866 seconds.
  path: Assets/Audio/Su Turno.ogg
  artifactKey: Guid(7cd14dbf8643a1a4f8eedf0a2848e76c) Importer(815301076,1909f56bfc062723c751e8b465ee728b)
Start importing Assets/Audio/Su Turno.ogg using Guid(7cd14dbf8643a1a4f8eedf0a2848e76c) Importer(815301076,1909f56bfc062723c751e8b465ee728b)  -> (artifact id: 'e515223ef2adee71c8b3623e1fe85db0') in 0.018175 seconds
  Import took 0.023864 seconds .

========================================================================
Received Import Request.
  Time since last request: 59.327451 seconds.
  path: Assets/Scripts/AudioManager.cs
  artifactKey: Guid(d7d2fe33b35805c4b9299d6ddabc0798) Importer(815301076,1909f56bfc062723c751e8b465ee728b)
Start importing Assets/Scripts/AudioManager.cs using Guid(d7d2fe33b35805c4b9299d6ddabc0798) Importer(815301076,1909f56bfc062723c751e8b465ee728b)  -> (artifact id: '8fc2beb4306a99ca85efef09bf288a42') in 0.013977 seconds
  Import took 0.017596 seconds .

========================================================================
Received Prepare
Registering precompiled user dll's ...
Registered in 0.001311 seconds.
Begin MonoManager ReloadAssembly
Native extension for WindowsStandalone target not found
Native extension for WebGL target not found
Refreshing native plugins compatible for Editor in 0.51 ms, found 1 plugins.
Preloading 0 native plugins for Editor in 0.00 ms.
Invoked RoslynAnalysisRunner static constructor.
RoslynAnalysisRunner will not be running.
RoslynAnalysisRunner has terminated.
Mono: successfully reloaded assembly
- Completed reload, in  1.070 seconds
Platform modules already initialized, skipping
Refreshing native plugins compatible for Editor in 0.39 ms, found 1 plugins.
Preloading 0 native plugins for Editor in 0.00 ms.
Unloading 1793 Unused Serialized files (Serialized files now loaded: 0)
System memory in use before: 89.8 MB.
System memory in use after: 89.8 MB.

Unloading 12 unused Assets to reduce memory usage. Loaded Objects now: 2314.
Total: 2.214200 ms (FindLiveObjects: 0.205900 ms CreateObjectMapping: 0.074300 ms MarkObjects: 1.825100 ms  DeleteObjects: 0.107400 ms)

========================================================================
Received Prepare
Registering precompiled user dll's ...
Registered in 0.001089 seconds.
Begin MonoManager ReloadAssembly
Native extension for WindowsStandalone target not found
Native extension for WebGL target not found
Refreshing native plugins compatible for Editor in 0.48 ms, found 1 plugins.
Preloading 0 native plugins for Editor in 0.00 ms.
Invoked RoslynAnalysisRunner static constructor.
RoslynAnalysisRunner will not be running.
RoslynAnalysisRunner has terminated.
Mono: successfully reloaded assembly
- Completed reload, in  1.064 seconds
Platform modules already initialized, skipping
Refreshing native plugins compatible for Editor in 0.50 ms, found 1 plugins.
Preloading 0 native plugins for Editor in 0.00 ms.
Unloading 1793 Unused Serialized files (Serialized files now loaded: 0)
System memory in use before: 89.9 MB.
System memory in use after: 89.9 MB.

Unloading 12 unused Assets to reduce memory usage. Loaded Objects now: 2317.
Total: 2.778800 ms (FindLiveObjects: 0.368000 ms CreateObjectMapping: 0.151600 ms MarkObjects: 2.099600 ms  DeleteObjects: 0.158200 ms)

========================================================================
Received Import Request.
  Time since last request: 118.844121 seconds.
  path: Assets/Scripts/AudioManager.cs
  artifactKey: Guid(d7d2fe33b35805c4b9299d6ddabc0798) Importer(815301076,1909f56bfc062723c751e8b465ee728b)
Start importing Assets/Scripts/AudioManager.cs using Guid(d7d2fe33b35805c4b9299d6ddabc0798) Importer(815301076,1909f56bfc062723c751e8b465ee728b)  -> (artifact id: '61eeb9fb3413de0ea4098edc6638379f') in 0.006422 seconds
  Import took 0.010099 seconds .

========================================================================
Received Prepare
Registering precompiled user dll's ...
Registered in 0.001097 seconds.
Begin MonoManager ReloadAssembly
Native extension for WindowsStandalone target not found
Native extension for WebGL target not found
Refreshing native plugins compatible for Editor in 0.59 ms, found 1 plugins.
Preloading 0 native plugins for Editor in 0.00 ms.
Invoked RoslynAnalysisRunner static constructor.
RoslynAnalysisRunner will not be running.
RoslynAnalysisRunner has terminated.
Mono: successfully reloaded assembly
- Completed reload, in  1.146 seconds
Platform modules already initialized, skipping
Refreshing native plugins compatible for Editor in 0.50 ms, found 1 plugins.
Preloading 0 native plugins for Editor in 0.00 ms.
Unloading 1793 Unused Serialized files (Serialized files now loaded: 0)
System memory in use before: 90.0 MB.
System memory in use after: 90.0 MB.

Unloading 12 unused Assets to reduce memory usage. Loaded Objects now: 2320.
Total: 2.782800 ms (FindLiveObjects: 0.256800 ms CreateObjectMapping: 0.076800 ms MarkObjects: 2.293800 ms  DeleteObjects: 0.154100 ms)

========================================================================
Received Prepare
Registering precompiled user dll's ...
Registered in 0.001057 seconds.
Begin MonoManager ReloadAssembly
Native extension for WindowsStandalone target not found
Native extension for WebGL target not found
Refreshing native plugins compatible for Editor in 0.33 ms, found 1 plugins.
Preloading 0 native plugins for Editor in 0.00 ms.
Invoked RoslynAnalysisRunner static constructor.
RoslynAnalysisRunner will not be running.
RoslynAnalysisRunner has terminated.
Mono: successfully reloaded assembly
- Completed reload, in  1.052 seconds
Platform modules already initialized, skipping
Refreshing native plugins compatible for Editor in 0.43 ms, found 1 plugins.
Preloading 0 native plugins for Editor in 0.00 ms.
Unloading 1793 Unused Serialized files (Serialized files now loaded: 0)
System memory in use before: 89.3 MB.
System memory in use after: 89.3 MB.

Unloading 12 unused Assets to reduce memory usage. Loaded Objects now: 2323.
Total: 2.592100 ms (FindLiveObjects: 0.403000 ms CreateObjectMapping: 0.142600 ms MarkObjects: 1.900500 ms  DeleteObjects: 0.144500 ms)

========================================================================
Received Prepare
Registering precompiled user dll's ...
Registered in 0.001311 seconds.
Begin MonoManager ReloadAssembly
Native extension for WindowsStandalone target not found
Native extension for WebGL target not found
Refreshing native plugins compatible for Editor in 0.41 ms, found 1 plugins.
Preloading 0 native plugins for Editor in 0.00 ms.
Invoked RoslynAnalysisRunner static constructor.
RoslynAnalysisRunner will not be running.
RoslynAnalysisRunner has terminated.
Mono: successfully reloaded assembly
- Completed reload, in  1.016 seconds
Platform modules already initialized, skipping
Refreshing native plugins compatible for Editor in 0.64 ms, found 1 plugins.
Preloading 0 native plugins for Editor in 0.00 ms.
Unloading 1793 Unused Serialized files (Serialized files now loaded: 0)
System memory in use before: 89.4 MB.
System memory in use after: 89.4 MB.

Unloading 12 unused Assets to reduce memory usage. Loaded Objects now: 2326.
Total: 4.547800 ms (FindLiveObjects: 0.442600 ms CreateObjectMapping: 0.197300 ms MarkObjects: 3.715600 ms  DeleteObjects: 0.189100 ms)

========================================================================
Received Import Request.
  Time since last request: 1598.744156 seconds.
  path: Assets/Prefabs/FoodInHand 1.prefab
  artifactKey: Guid(1df2817b5bbc3fb47bc3d9890798c9ee) Importer(815301076,1909f56bfc062723c751e8b465ee728b)
Start importing Assets/Prefabs/FoodInHand 1.prefab using Guid(1df2817b5bbc3fb47bc3d9890798c9ee) Importer(815301076,1909f56bfc062723c751e8b465ee728b)  -> (artifact id: 'd617345651f7fa0ade8a73f201c51a99') in 0.076112 seconds
  Import took 0.080461 seconds .

========================================================================
Received Import Request.
  Time since last request: 4.559741 seconds.
  path: Assets/Prefabs/KittyPoo.prefab
  artifactKey: Guid(1df2817b5bbc3fb47bc3d9890798c9ee) Importer(815301076,1909f56bfc062723c751e8b465ee728b)
Start importing Assets/Prefabs/KittyPoo.prefab using Guid(1df2817b5bbc3fb47bc3d9890798c9ee) Importer(815301076,1909f56bfc062723c751e8b465ee728b)  -> (artifact id: 'c861fdd60f022f08340c1c86998c8cae') in 0.020715 seconds
  Import took 0.024300 seconds .

========================================================================
Received Prepare
Registering precompiled user dll's ...
Registered in 0.001330 seconds.
Begin MonoManager ReloadAssembly
Native extension for WindowsStandalone target not found
Native extension for WebGL target not found
Refreshing native plugins compatible for Editor in 0.50 ms, found 1 plugins.
Preloading 0 native plugins for Editor in 0.00 ms.
Invoked RoslynAnalysisRunner static constructor.
RoslynAnalysisRunner will not be running.
RoslynAnalysisRunner has terminated.
Mono: successfully reloaded assembly
- Completed reload, in  1.082 seconds
Platform modules already initialized, skipping
Refreshing native plugins compatible for Editor in 0.37 ms, found 1 plugins.
Preloading 0 native plugins for Editor in 0.00 ms.
Unloading 1793 Unused Serialized files (Serialized files now loaded: 0)
System memory in use before: 89.6 MB.
System memory in use after: 89.6 MB.

Unloading 12 unused Assets to reduce memory usage. Loaded Objects now: 2330.
Total: 2.323700 ms (FindLiveObjects: 0.305300 ms CreateObjectMapping: 0.094200 ms MarkObjects: 1.789800 ms  DeleteObjects: 0.133300 ms)

========================================================================
Received Prepare
Registering precompiled user dll's ...
Registered in 0.001153 seconds.
Begin MonoManager ReloadAssembly
Native extension for WindowsStandalone target not found
Native extension for WebGL target not found
Refreshing native plugins compatible for Editor in 0.37 ms, found 1 plugins.
Preloading 0 native plugins for Editor in 0.00 ms.
Invoked RoslynAnalysisRunner static constructor.
RoslynAnalysisRunner will not be running.
RoslynAnalysisRunner has terminated.
Mono: successfully reloaded assembly
- Completed reload, in  0.953 seconds
Platform modules already initialized, skipping
Refreshing native plugins compatible for Editor in 0.37 ms, found 1 plugins.
Preloading 0 native plugins for Editor in 0.00 ms.
Unloading 1793 Unused Serialized files (Serialized files now loaded: 0)
System memory in use before: 89.8 MB.
System memory in use after: 89.8 MB.

Unloading 12 unused Assets to reduce memory usage. Loaded Objects now: 2333.
Total: 2.318400 ms (FindLiveObjects: 0.227200 ms CreateObjectMapping: 0.129000 ms MarkObjects: 1.808000 ms  DeleteObjects: 0.153500 ms)

========================================================================
Received Prepare
Registering precompiled user dll's ...
Registered in 0.001194 seconds.
Begin MonoManager ReloadAssembly
Native extension for WindowsStandalone target not found
Native extension for WebGL target not found
Refreshing native plugins compatible for Editor in 0.39 ms, found 1 plugins.
Preloading 0 native plugins for Editor in 0.00 ms.
Invoked RoslynAnalysisRunner static constructor.
RoslynAnalysisRunner will not be running.
RoslynAnalysisRunner has terminated.
Mono: successfully reloaded assembly
- Completed reload, in  0.997 seconds
Platform modules already initialized, skipping
Refreshing native plugins compatible for Editor in 1.13 ms, found 1 plugins.
Preloading 0 native plugins for Editor in 0.00 ms.
Unloading 1793 Unused Serialized files (Serialized files now loaded: 0)
System memory in use before: 90.0 MB.
System memory in use after: 90.0 MB.

Unloading 12 unused Assets to reduce memory usage. Loaded Objects now: 2336.
Total: 4.635500 ms (FindLiveObjects: 1.024700 ms CreateObjectMapping: 0.417100 ms MarkObjects: 3.084500 ms  DeleteObjects: 0.105900 ms)

========================================================================
Received Prepare
Registering precompiled user dll's ...
Registered in 0.001053 seconds.
Begin MonoManager ReloadAssembly
Native extension for WindowsStandalone target not found
Native extension for WebGL target not found
Refreshing native plugins compatible for Editor in 0.34 ms, found 1 plugins.
Preloading 0 native plugins for Editor in 0.00 ms.
Invoked RoslynAnalysisRunner static constructor.
RoslynAnalysisRunner will not be running.
RoslynAnalysisRunner has terminated.
Mono: successfully reloaded assembly
- Completed reload, in  1.022 seconds
Platform modules already initialized, skipping
Refreshing native plugins compatible for Editor in 0.37 ms, found 1 plugins.
Preloading 0 native plugins for Editor in 0.00 ms.
Unloading 1793 Unused Serialized files (Serialized files now loaded: 0)
System memory in use before: 90.1 MB.
System memory in use after: 90.1 MB.

Unloading 12 unused Assets to reduce memory usage. Loaded Objects now: 2339.
Total: 2.189900 ms (FindLiveObjects: 0.232500 ms CreateObjectMapping: 0.107600 ms MarkObjects: 1.744000 ms  DeleteObjects: 0.103900 ms)

========================================================================
Received Prepare
Registering precompiled user dll's ...
Registered in 0.001241 seconds.
Begin MonoManager ReloadAssembly
Native extension for WindowsStandalone target not found
Native extension for WebGL target not found
Refreshing native plugins compatible for Editor in 0.60 ms, found 1 plugins.
Preloading 0 native plugins for Editor in 0.00 ms.
Invoked RoslynAnalysisRunner static constructor.
RoslynAnalysisRunner will not be running.
RoslynAnalysisRunner has terminated.
Mono: successfully reloaded assembly
- Completed reload, in  1.002 seconds
Platform modules already initialized, skipping
Refreshing native plugins compatible for Editor in 0.35 ms, found 1 plugins.
Preloading 0 native plugins for Editor in 0.00 ms.
Unloading 1793 Unused Serialized files (Serialized files now loaded: 0)
System memory in use before: 89.3 MB.
System memory in use after: 89.3 MB.

Unloading 12 unused Assets to reduce memory usage. Loaded Objects now: 2342.
Total: 2.504100 ms (FindLiveObjects: 0.211900 ms CreateObjectMapping: 0.081200 ms MarkObjects: 2.049100 ms  DeleteObjects: 0.160600 ms)

========================================================================
Received Import Request.
  Time since last request: 254.878663 seconds.
  path: Assets/Scripts/FoodScripts/FoodPellet.cs
  artifactKey: Guid(de987abe7fd0c30439cb4e017e2e8ae6) Importer(815301076,1909f56bfc062723c751e8b465ee728b)
Start importing Assets/Scripts/FoodScripts/FoodPellet.cs using Guid(de987abe7fd0c30439cb4e017e2e8ae6) Importer(815301076,1909f56bfc062723c751e8b465ee728b)  -> (artifact id: 'ca233d65851d3ee5995cc9a8bba3daf0') in 0.009258 seconds
  Import took 0.013083 seconds .

========================================================================
Received Import Request.
  Time since last request: 0.969566 seconds.
  path: Assets/Scenes/CatWalk.unity
  artifactKey: Guid(d63bea70d09cbaa4c9f5479946d2de9a) Importer(815301076,1909f56bfc062723c751e8b465ee728b)
Start importing Assets/Scenes/CatWalk.unity using Guid(d63bea70d09cbaa4c9f5479946d2de9a) Importer(815301076,1909f56bfc062723c751e8b465ee728b)  -> (artifact id: 'b0509735d8acc0b1692462a1a23e7e93') in 0.020668 seconds
  Import took 0.023815 seconds .

========================================================================
Received Import Request.
  Time since last request: 5.763251 seconds.
  path: Assets/Prefabs/TutorialTrigger.prefab
  artifactKey: Guid(f9e6851034ad7d648a29eae06fb4bc4c) Importer(815301076,1909f56bfc062723c751e8b465ee728b)
Start importing Assets/Prefabs/TutorialTrigger.prefab using Guid(f9e6851034ad7d648a29eae06fb4bc4c) Importer(815301076,1909f56bfc062723c751e8b465ee728b)  -> (artifact id: '12db0603346bc519ab3dc186c3bd2cd2') in 0.027633 seconds
  Import took 0.031080 seconds .

AssetImportWorkerClient::OnTransportError - code=2 error=End of file
